
The following files have been resolved:
   org.atteo:evo-inflector:jar:1.2.1:compile
   org.springframework.boot:spring-boot-starter-data-rest:jar:1.4.0.RELEASE:compile
   com.fasterxml.jackson.core:jackson-core:jar:2.8.1:compile
   org.springframework:spring-web:jar:4.3.2.RELEASE:compile
   org.springframework.boot:spring-boot-starter-actuator:jar:1.4.0.RELEASE:compile
   org.slf4j:jul-to-slf4j:jar:1.7.21:compile
   org.hibernate:hibernate-validator:jar:5.2.4.Final:compile
   org.springframework.ws:spring-ws-core:jar:2.3.0.RELEASE:compile
   com.fasterxml:classmate:jar:1.3.1:compile
   org.springframework:spring-oxm:jar:4.3.2.RELEASE:compile
   org.apache.tomcat.embed:tomcat-embed-el:jar:8.5.4:compile
   org.springframework.boot:spring-boot-configuration-processor:jar:1.4.0.RELEASE:compile
   org.apache.tomcat.embed:tomcat-embed-core:jar:8.5.4:compile
   org.springframework.data:spring-data-rest-core:jar:2.5.2.RELEASE:compile
   org.springframework.boot:spring-boot-actuator:jar:1.4.0.RELEASE:compile
   org.springframework:spring-context:jar:4.3.2.RELEASE:compile
   org.springframework.data:spring-data-rest-webmvc:jar:2.5.2.RELEASE:compile
   org.springframework.boot:spring-boot-starter-tomcat:jar:1.4.0.RELEASE:compile
   org.springframework.boot:spring-boot-autoconfigure:jar:1.4.0.RELEASE:compile
   org.yaml:snakeyaml:jar:1.17:runtime
   org.springframework.boot:spring-boot-starter-web-services:jar:1.4.0.RELEASE:compile
   org.springframework.boot:spring-boot-starter-web:jar:1.4.0.RELEASE:compile
   org.springframework.ws:spring-xml:jar:2.3.0.RELEASE:compile
   org.springframework.boot:spring-boot-starter-logging:jar:1.4.0.RELEASE:compile
   org.springframework:spring-webmvc:jar:4.3.2.RELEASE:compile
   org.springframework:spring-beans:jar:4.3.2.RELEASE:compile
   org.slf4j:slf4j-api:jar:1.7.21:compile
   com.fasterxml.jackson.core:jackson-annotations:jar:2.8.1:compile
   org.json:json:jar:20140107:compile
   org.springframework.data:spring-data-commons:jar:1.12.2.RELEASE:compile
   org.springframework.boot:spring-boot-starter:jar:1.4.0.RELEASE:compile
   org.apache.tomcat.embed:tomcat-embed-websocket:jar:8.5.4:compile
   org.springframework:spring-tx:jar:4.3.2.RELEASE:compile
   com.chargify:chargify-services:jar:0.0.1-SNAPSHOT:compile
   ch.qos.logback:logback-classic:jar:1.1.7:compile
   org.springframework.boot:spring-boot:jar:1.4.0.RELEASE:compile
   org.springframework.plugin:spring-plugin-core:jar:1.2.0.RELEASE:compile
   org.springframework:spring-expression:jar:4.3.2.RELEASE:compile
   ch.qos.logback:logback-core:jar:1.1.7:compile
   javax.validation:validation-api:jar:1.1.0.Final:compile
   org.springframework:spring-core:jar:4.3.2.RELEASE:compile
   com.fasterxml.jackson.core:jackson-databind:jar:2.8.1:compile
   org.springframework.hateoas:spring-hateoas:jar:0.20.0.RELEASE:compile
   org.slf4j:jcl-over-slf4j:jar:1.7.21:compile
   org.slf4j:log4j-over-slf4j:jar:1.7.21:compile
   org.springframework:spring-aop:jar:4.3.2.RELEASE:compile
   org.jboss.logging:jboss-logging:jar:3.3.0.Final:compile

